<?xml version="1.0" encoding="UTF-8"?>
<!-- Generated by org.testng.reporters.JUnitReportReporter -->
<testsuite skipped="0" hostname="MSUBRAMANIAML1" name="tests.LivongoTest.LivongoTest" tests="1" failures="0" timestamp="23 May 2018 18:21:29 GMT" time="13.216" errors="0">
  <testcase name="livongoTitleTest" time="13.216" classname="tests.LivongoTest.LivongoTest"/>
</testsuite> <!-- tests.LivongoTest.LivongoTest -->
